<?xml version="1.0" encoding="UTF-8"?>
<!-- Generated by org.testng.reporters.JUnitXMLReporter -->
<testsuite ignored="1" hostname="DESKTOP-8BJQT84" failures="0" tests="6" name="Test" time="1.332" errors="0" timestamp="2023-10-05T15:31:08 IST">
  <testcase classname="Test_NG.Demo" name="m4" time="0.155"/>
  <testcase classname="Test_NG.Demo" name="m2" time="0.016"/>
  <testcase classname="Test_NG.Demo" name="m2" time="0.028"/>
  <testcase classname="Test_NG.Demo" name="m2" time="0.042"/>
  <testcase classname="Test_NG.Demo" name="m2" time="0.026"/>
  <testcase classname="Test_NG.Demo" name="m1" time="0.019"/>
  <testcase classname="Test_NG.Demo" name="m3" time="0.0">
    <ignored/>
  </testcase> <!-- m3 -->
</testsuite> <!-- Test -->
